Loaded default TestExecutionListener class names from location [META-INF/spring.factories]: [org.springframework.test.context.web.ServletTestExecutionListener, org.springframework.test.context.support.DependencyInjectionTestExecutionListener, org.springframework.test.context.support.DirtiesContextTestExecutionListener, org.springframework.test.context.transaction.TransactionalTestExecutionListener, org.springframework.test.context.jdbc.SqlScriptsTestExecutionListener]
Could not instantiate TestExecutionListener [org.springframework.test.context.web.ServletTestExecutionListener]. Specify custom listener classes or make the default listener classes (and their required dependencies) available. Offending class: [javax/servlet/ServletContext]
Could not instantiate TestExecutionListener [org.springframework.test.context.transaction.TransactionalTestExecutionListener]. Specify custom listener classes or make the default listener classes (and their required dependencies) available. Offending class: [org/springframework/transaction/interceptor/TransactionAttributeSource]
Could not instantiate TestExecutionListener [org.springframework.test.context.jdbc.SqlScriptsTestExecutionListener]. Specify custom listener classes or make the default listener classes (and their required dependencies) available. Offending class: [org/springframework/transaction/interceptor/TransactionAttribute]
Using TestExecutionListeners: [org.springframework.test.context.support.DependencyInjectionTestExecutionListener@55cbf3f8, org.springframework.test.context.support.DirtiesContextTestExecutionListener@40fe4ac9]
Loading XML bean definitions from class path resource [test-context.xml]
Refreshing org.springframework.context.support.GenericApplicationContext@15e59f33: startup date [Fri Nov 06 16:18:58 GMT 2015]; root of context hierarchy
Closing org.springframework.context.support.GenericApplicationContext@15e59f33: startup date [Fri Nov 06 16:18:58 GMT 2015]; root of context hierarchy
Loaded default TestExecutionListener class names from location [META-INF/spring.factories]: [org.springframework.test.context.web.ServletTestExecutionListener, org.springframework.test.context.support.DependencyInjectionTestExecutionListener, org.springframework.test.context.support.DirtiesContextTestExecutionListener, org.springframework.test.context.transaction.TransactionalTestExecutionListener, org.springframework.test.context.jdbc.SqlScriptsTestExecutionListener]
Could not instantiate TestExecutionListener [org.springframework.test.context.jdbc.SqlScriptsTestExecutionListener]. Specify custom listener classes or make the default listener classes (and their required dependencies) available. Offending class: [org/springframework/transaction/interceptor/TransactionAttribute]
Could not instantiate TestExecutionListener [org.springframework.test.context.web.ServletTestExecutionListener]. Specify custom listener classes or make the default listener classes (and their required dependencies) available. Offending class: [javax/servlet/ServletContext]
Could not instantiate TestExecutionListener [org.springframework.test.context.transaction.TransactionalTestExecutionListener]. Specify custom listener classes or make the default listener classes (and their required dependencies) available. Offending class: [org/springframework/transaction/interceptor/TransactionAttributeSource]
Using TestExecutionListeners: [org.springframework.test.context.support.DependencyInjectionTestExecutionListener@39d0c448, org.springframework.test.context.support.DirtiesContextTestExecutionListener@3906709f]
Loading XML bean definitions from class path resource [test-context.xml]
Refreshing org.springframework.context.support.GenericApplicationContext@3445265a: startup date [Fri Nov 06 16:19:53 GMT 2015]; root of context hierarchy
Closing org.springframework.context.support.GenericApplicationContext@3445265a: startup date [Fri Nov 06 16:19:53 GMT 2015]; root of context hierarchy
Loaded default TestExecutionListener class names from location [META-INF/spring.factories]: [org.springframework.test.context.web.ServletTestExecutionListener, org.springframework.test.context.support.DependencyInjectionTestExecutionListener, org.springframework.test.context.support.DirtiesContextTestExecutionListener, org.springframework.test.context.transaction.TransactionalTestExecutionListener, org.springframework.test.context.jdbc.SqlScriptsTestExecutionListener]
Could not instantiate TestExecutionListener [org.springframework.test.context.jdbc.SqlScriptsTestExecutionListener]. Specify custom listener classes or make the default listener classes (and their required dependencies) available. Offending class: [org/springframework/transaction/interceptor/TransactionAttribute]
Could not instantiate TestExecutionListener [org.springframework.test.context.web.ServletTestExecutionListener]. Specify custom listener classes or make the default listener classes (and their required dependencies) available. Offending class: [javax/servlet/ServletContext]
Could not instantiate TestExecutionListener [org.springframework.test.context.transaction.TransactionalTestExecutionListener]. Specify custom listener classes or make the default listener classes (and their required dependencies) available. Offending class: [org/springframework/transaction/interceptor/TransactionAttributeSource]
Using TestExecutionListeners: [org.springframework.test.context.support.DependencyInjectionTestExecutionListener@55aee115, org.springframework.test.context.support.DirtiesContextTestExecutionListener@4c3b55a5]
Loading XML bean definitions from class path resource [test-context.xml]
Refreshing org.springframework.context.support.GenericApplicationContext@68a460f0: startup date [Fri Nov 06 16:20:15 GMT 2015]; root of context hierarchy
Loaded default TestExecutionListener class names from location [META-INF/spring.factories]: [org.springframework.test.context.web.ServletTestExecutionListener, org.springframework.test.context.support.DependencyInjectionTestExecutionListener, org.springframework.test.context.support.DirtiesContextTestExecutionListener, org.springframework.test.context.transaction.TransactionalTestExecutionListener, org.springframework.test.context.jdbc.SqlScriptsTestExecutionListener]
Could not instantiate TestExecutionListener [org.springframework.test.context.web.ServletTestExecutionListener]. Specify custom listener classes or make the default listener classes (and their required dependencies) available. Offending class: [javax/servlet/ServletContext]
Could not instantiate TestExecutionListener [org.springframework.test.context.transaction.TransactionalTestExecutionListener]. Specify custom listener classes or make the default listener classes (and their required dependencies) available. Offending class: [org/springframework/transaction/interceptor/TransactionAttributeSource]
Could not instantiate TestExecutionListener [org.springframework.test.context.jdbc.SqlScriptsTestExecutionListener]. Specify custom listener classes or make the default listener classes (and their required dependencies) available. Offending class: [org/springframework/transaction/interceptor/TransactionAttribute]
Using TestExecutionListeners: [org.springframework.test.context.support.DependencyInjectionTestExecutionListener@75d7d567, org.springframework.test.context.support.DirtiesContextTestExecutionListener@2cfb99a2]
Loading XML bean definitions from class path resource [test-context.xml]
Refreshing org.springframework.context.support.GenericApplicationContext@19bc378f: startup date [Fri Nov 06 16:22:17 GMT 2015]; root of context hierarchy
Closing org.springframework.context.support.GenericApplicationContext@19bc378f: startup date [Fri Nov 06 16:22:17 GMT 2015]; root of context hierarchy
Loaded default TestExecutionListener class names from location [META-INF/spring.factories]: [org.springframework.test.context.web.ServletTestExecutionListener, org.springframework.test.context.support.DependencyInjectionTestExecutionListener, org.springframework.test.context.support.DirtiesContextTestExecutionListener, org.springframework.test.context.transaction.TransactionalTestExecutionListener, org.springframework.test.context.jdbc.SqlScriptsTestExecutionListener]
Could not instantiate TestExecutionListener [org.springframework.test.context.web.ServletTestExecutionListener]. Specify custom listener classes or make the default listener classes (and their required dependencies) available. Offending class: [javax/servlet/ServletContext]
Could not instantiate TestExecutionListener [org.springframework.test.context.transaction.TransactionalTestExecutionListener]. Specify custom listener classes or make the default listener classes (and their required dependencies) available. Offending class: [org/springframework/transaction/interceptor/TransactionAttributeSource]
Could not instantiate TestExecutionListener [org.springframework.test.context.jdbc.SqlScriptsTestExecutionListener]. Specify custom listener classes or make the default listener classes (and their required dependencies) available. Offending class: [org/springframework/transaction/interceptor/TransactionAttribute]
Using TestExecutionListeners: [org.springframework.test.context.support.DependencyInjectionTestExecutionListener@3ebec13, org.springframework.test.context.support.DirtiesContextTestExecutionListener@75d7d567]
Loading XML bean definitions from class path resource [test-context.xml]
Refreshing org.springframework.context.support.GenericApplicationContext@1d94e2e5: startup date [Fri Nov 06 16:23:16 GMT 2015]; root of context hierarchy
Closing org.springframework.context.support.GenericApplicationContext@1d94e2e5: startup date [Fri Nov 06 16:23:16 GMT 2015]; root of context hierarchy
Loaded default TestExecutionListener class names from location [META-INF/spring.factories]: [org.springframework.test.context.web.ServletTestExecutionListener, org.springframework.test.context.support.DependencyInjectionTestExecutionListener, org.springframework.test.context.support.DirtiesContextTestExecutionListener, org.springframework.test.context.transaction.TransactionalTestExecutionListener, org.springframework.test.context.jdbc.SqlScriptsTestExecutionListener]
Could not instantiate TestExecutionListener [org.springframework.test.context.transaction.TransactionalTestExecutionListener]. Specify custom listener classes or make the default listener classes (and their required dependencies) available. Offending class: [org/springframework/transaction/interceptor/TransactionAttributeSource]
Could not instantiate TestExecutionListener [org.springframework.test.context.jdbc.SqlScriptsTestExecutionListener]. Specify custom listener classes or make the default listener classes (and their required dependencies) available. Offending class: [org/springframework/transaction/interceptor/TransactionAttribute]
Could not instantiate TestExecutionListener [org.springframework.test.context.web.ServletTestExecutionListener]. Specify custom listener classes or make the default listener classes (and their required dependencies) available. Offending class: [javax/servlet/ServletContext]
Using TestExecutionListeners: [org.springframework.test.context.support.DependencyInjectionTestExecutionListener@2cfb99a2, org.springframework.test.context.support.DirtiesContextTestExecutionListener@3a2371c0]
Loading XML bean definitions from class path resource [test-context.xml]
Refreshing org.springframework.context.support.GenericApplicationContext@13e39a7c: startup date [Fri Nov 06 16:36:22 GMT 2015]; root of context hierarchy
Closing org.springframework.context.support.GenericApplicationContext@13e39a7c: startup date [Fri Nov 06 16:36:22 GMT 2015]; root of context hierarchy
